<?xml version="1.0" encoding="UTF-8"?>
<!-- Generated by org.testng.reporters.JUnitReportReporter -->
<testsuite hostname="pass-PC" name="Testcases01" tests="3" failures="0" timestamp="30 Mar 2021 12:09:14 GMT" time="0.043" errors="0">
  <testcase name="exampleOfTestNgMaven2" time="0.008" classname="Testcases01"/>
  <testcase name="exampleOfTestNgMaven" time="0.032" classname="Testcases01"/>
  <testcase name="exampleOfTestNgMaven1" time="0.003" classname="Testcases01"/>
</testsuite> <!-- Testcases01 -->
